Arguments: 
  C:\Program Files\nodejs\node.exe C:\Users\Sergey\AppData\Roaming\npm\node_modules\yarn\bin\yarn.js

PATH: 
  G:\Projects\Metro5\node_modules\.bin;C:\Windows\system32;C:\Windows;C:\Windows\System32\Wbem;C:\Windows\System32\WindowsPowerShell\v1.0\;C:\Windows\System32\OpenSSH\;C:\Program Files\NVIDIA Corporation\NVIDIA NvDLISR;C:\Program Files (x86)\NVIDIA Corporation\PhysX\Common;C:\Program Files\nodejs\;C:\Program Files (x86)\Bitvise SSH Client;E:\Python27;C:\xampp\php;C:\Program Files\Git\cmd;C:\Users\Sergey\AppData\Local\Microsoft\WindowsApps;C:\Users\Sergey\AppData\Roaming\npm;C:\Users\Sergey\AppData\Local\GitHubDesktop\bin;C:\Users\Sergey\AppData\Local\atom\bin;C:\SDK\flutter\bin;C:\SDK\flutter\bin\cache\dart-sdk\bin;C:\Program Files (x86)\GitHub CLI\

Yarn version: 
  1.21.1

Node version: 
  10.16.0

Platform: 
  win32 x64

Trace: 
  SyntaxError: G:\Projects\Metro5\packages\core\package.json: Unexpected token } in JSON at position 313
      at JSON.parse (<anonymous>)
      at C:\Users\Sergey\AppData\Roaming\npm\node_modules\yarn\lib\cli.js:1625:59
      at Generator.next (<anonymous>)
      at step (C:\Users\Sergey\AppData\Roaming\npm\node_modules\yarn\lib\cli.js:310:30)
      at C:\Users\Sergey\AppData\Roaming\npm\node_modules\yarn\lib\cli.js:321:13

npm manifest: 
  {
    "name": "metro5",
    "version": "1.0.0",
    "private": true,
    "main": "packages/core/src/index.js",
    "workspaces": [
      "packages/*"
    ],
    "description": "Modern web component library",
    "keywords": [
      "web-components",
      "library",
      "javascript",
      "css",
      "html",
      "metro-ui",
      "modern-ui",
      "metro",
      "modern",
      "datetime",
      "m4q",
      "cake",
      "color",
      "animation"
    ],
    "author": "Serhii Pimenov <serhii@pimenov.com.ua> (https://pimenov.com.ua)",
    "license": "MIT",
    "devDependencies": {
      "lerna": "^3.22.1"
    }
  }

yarn manifest: 
  No manifest

Lockfile: 
  No lockfile
